2026-06-22 16:47:10.953 [main] INFO  com.automation.Main - ========================================================
2026-06-22 16:47:10.956 [main] INFO  com.automation.Main -  SITE CONTENT COMPARATOR
2026-06-22 16:47:10.957 [main] INFO  com.automation.Main -  Automated Web Page Comparison Tool
2026-06-22 16:47:10.957 [main] INFO  com.automation.Main - ========================================================
2026-06-22 16:47:10.957 [main] INFO  com.automation.Main - Input: C:\Users\HRBPO\Content Comparator\automation\data\test_comparisons.xlsx
2026-06-22 16:47:11.446 [main] INFO  com.automation.Main - Found 2 URL pair(s) to compare
2026-06-22 16:47:11.447 [main] INFO  com.automation.Config - Loaded configuration from C:\Users\HRBPO\Content Comparator\automation\config.properties
2026-06-22 16:47:11.502 [main] DEBUG c.a.extractor.FingerprintCache - Cache loaded: 5 page(s) from previous run.
2026-06-22 16:47:11.503 [main] INFO  com.automation.Main - Starting thread pool with 4 workers for parallel pair processing
2026-06-22 16:47:11.507 [pool-1-thread-1] INFO  com.automation.Main - --- Pair 1 / 2 ------------------------------------------
2026-06-22 16:47:11.507 [pool-1-thread-2] INFO  com.automation.Main - --- Pair 2 / 2 ------------------------------------------
2026-06-22 16:47:11.507 [pool-1-thread-1] INFO  com.automation.Main -    Site A : https://www.campus.sanofi/in
2026-06-22 16:47:11.507 [pool-1-thread-2] INFO  com.automation.Main -    Site A : https://www.campus.sanofi/ph
2026-06-22 16:47:11.508 [pool-1-thread-1] INFO  com.automation.Main -    Site B : https://www.campus.sanofi/in
2026-06-22 16:47:11.508 [pool-1-thread-2] INFO  com.automation.Main -    Site B : https://www.campus.sanofi/ph
2026-06-22 16:47:16.497 [pool-1-thread-1] INFO  com.automation.Main -    [1/3] Loading both pages for Pair 1...
2026-06-22 16:47:16.497 [pool-1-thread-2] INFO  com.automation.Main -    [1/3] Loading both pages for Pair 2...
2026-06-22 16:47:18.465 [pool-1-thread-1] DEBUG c.a.extractor.FingerprintCache - Page has changed since last run for https://www.campus.sanofi/in - loading fresh.
2026-06-22 16:47:18.533 [pool-1-thread-2] DEBUG c.a.extractor.FingerprintCache - Page has changed since last run for https://www.campus.sanofi/ph - loading fresh.
2026-06-22 16:47:19.075 [pool-1-thread-2] INFO  c.a.extractor.ContentExtractor -    Loading page: https://www.campus.sanofi/ph
2026-06-22 16:47:19.075 [pool-1-thread-1] INFO  c.a.extractor.ContentExtractor -    Loading page: https://www.campus.sanofi/in
2026-06-22 16:47:25.421 [pool-1-thread-2] INFO  c.a.extractor.ContentExtractor -    Extracting content...
2026-06-22 16:47:25.919 [pool-1-thread-1] INFO  c.a.extractor.ContentExtractor -    Extracting content...
2026-06-22 16:47:29.670 [pool-1-thread-2] INFO  c.a.extractor.ContentExtractor -    Done in 13171ms — 24 image(s), 19 link(s) found.
2026-06-22 16:47:29.697 [pool-1-thread-2] INFO  com.automation.Main -    [SAME URL] Identical URLs detected — reusing Site A data for Site B (no double load).
2026-06-22 16:47:29.697 [pool-1-thread-2] INFO  com.automation.Main -    [2/3] Comparing content for Pair 2...
2026-06-22 16:47:29.704 [pool-1-thread-2] INFO  com.automation.Main -    [3/3] Generating PDF report for Pair 2...
2026-06-22 16:47:33.802 [pool-1-thread-1] INFO  c.a.extractor.ContentExtractor -    Done in 17304ms — 23 image(s), 22 link(s) found.
2026-06-22 16:47:33.814 [pool-1-thread-1] INFO  com.automation.Main -    [SAME URL] Identical URLs detected — reusing Site A data for Site B (no double load).
2026-06-22 16:47:33.815 [pool-1-thread-1] INFO  com.automation.Main -    [2/3] Comparing content for Pair 1...
2026-06-22 16:47:33.816 [pool-1-thread-1] INFO  com.automation.Main -    [3/3] Generating PDF report for Pair 1...
2026-06-22 16:47:34.313 [pool-1-thread-2] INFO  c.automation.report.ReportFormatter - Report saved: C:\Users\HRBPO\Content Comparator\automation\reports\www.campus.sanofi_vs_www.campus.sanofi_82b8dfb9_20260622_164729.pdf
2026-06-22 16:47:34.321 [pool-1-thread-2] INFO  com.automation.Main - --- Result for Pair 2: PASS
2026-06-22 16:47:35.880 [pool-1-thread-1] INFO  c.automation.report.ReportFormatter - Report saved: C:\Users\HRBPO\Content Comparator\automation\reports\www.campus.sanofi_vs_www.campus.sanofi_de7527d3_20260622_164733.pdf
2026-06-22 16:47:35.894 [pool-1-thread-1] INFO  com.automation.Main - --- Result for Pair 1: PASS
2026-06-22 16:47:35.944 [main] INFO  c.a.extractor.FingerprintCache - Cache saved: 5 page(s) stored.
2026-06-22 16:47:36.129 [main] INFO  com.automation.Main - ========================================================
2026-06-22 16:47:36.129 [main] INFO  com.automation.Main -  DONE! Passed: 2   Mismatches: 0   Total: 2
2026-06-22 16:47:36.129 [main] INFO  com.automation.Main -  Reports saved to: reports\
2026-06-22 16:47:36.130 [main] INFO  com.automation.Main - ========================================================
